connectify/build/app/intermediates/manifest_merge_blame_file/debug/manifest-merger-blame-debug-report.txt
1<?xml version="1.0" encoding="utf-8"?>
2<manifest xmlns:android="http://schemas.android.com/apk/res/android"
3    package="io.connectify.galvans.connectify"
4    android:versionCode="1"
5    android:versionName="1.0.0" >
6
7    <uses-sdk
8        android:minSdkVersion="16"
9        android:targetSdkVersion="31" />
10    <!--
11         The INTERNET permission is required for development. Specifically,
12         the Flutter tool needs it to communicate with the running application
13         to allow setting breakpoints, to provide hot reload, etc.
14    -->
15    <uses-permission android:name="android.permission.INTERNET" />
15-->src/debug/AndroidManifest.xml:7:5-66
15-->src/debug/AndroidManifest.xml:7:22-64
16    <uses-permission android:name="android.permission.CAMERA" />
16-->src/main/AndroidManifest.xml:4:5-65
16-->src/main/AndroidManifest.xml:4:22-62
17    <uses-permission android:name="android.permission.WRITE_EXTERNAL_STORAGE" />
17-->src/main/AndroidManifest.xml:5:5-80
17-->src/main/AndroidManifest.xml:5:22-78
18    <uses-permission android:name="android.permission.READ_EXTERNAL_STORAGE" />
18-->src/main/AndroidManifest.xml:6:5-79
18-->src/main/AndroidManifest.xml:6:22-77
19    <uses-permission android:name="android.permission.VIBRATE" />
19-->[:qrscan] AndroidManifest.xml:10:5-66
19-->[:qrscan] AndroidManifest.xml:10:22-63
20    <uses-permission android:name="android.permission.FLASHLIGHT" />
20-->[:qrscan] AndroidManifest.xml:11:5-69
20-->[:qrscan] AndroidManifest.xml:11:22-66
21
22    <uses-feature android:name="android.hardware.camera" />
22-->[:qrscan] AndroidManifest.xml:13:5-60
22-->[:qrscan] AndroidManifest.xml:13:19-57
23    <uses-feature android:name="android.hardware.camera.autofocus" />
23-->[:qrscan] AndroidManifest.xml:14:5-70
23-->[:qrscan] AndroidManifest.xml:14:19-67
24
25    <uses-permission android:name="android.permission.WAKE_LOCK" />
25-->[:qrscan] AndroidManifest.xml:16:5-68
25-->[:qrscan] AndroidManifest.xml:16:22-65
26    <uses-permission android:name="android.permission.ACCESS_NETWORK_STATE" />
26-->[com.google.firebase:firebase-auth:21.0.8] AndroidManifest.xml:24:5-79
26-->[com.google.firebase:firebase-auth:21.0.8] AndroidManifest.xml:24:22-76
27
28    <application
29        android:name="io.flutter.app.FlutterMultiDexApplication"
30        android:allowBackup="true"
30-->[com.github.leyan95:android-zxingLibrary:0.1.4-PRE] AndroidManifest.xml:13:18-44
31        android:appComponentFactory="androidx.core.app.CoreComponentFactory"
31-->[androidx.core:core:1.6.0] AndroidManifest.xml:24:18-86
32        android:debuggable="true"
33        android:icon="@mipmap/ic_launcher"
34        android:label="connectify" >
35        <activity
36            android:name="io.connectify.galvans.connectify.MainActivity"
37            android:configChanges="orientation|keyboardHidden|keyboard|screenSize|smallestScreenSize|locale|layoutDirection|fontScale|screenLayout|density|uiMode"
38            android:exported="true"
39            android:hardwareAccelerated="true"
40            android:launchMode="singleTop"
41            android:theme="@style/LaunchTheme"
42            android:windowSoftInputMode="adjustResize" >
43
44            <!--
45                 Specifies an Android theme to apply to this Activity as soon as
46                 the Android process has started. This theme is visible to the user
47                 while the Flutter UI initializes. After that, this theme continues
48                 to determine the Window background behind the Flutter UI.
49            -->
50            <meta-data
51                android:name="io.flutter.embedding.android.NormalTheme"
52                android:resource="@style/NormalTheme" />
53
54            <intent-filter>
55                <action android:name="android.intent.action.MAIN" />
56
57                <category android:name="android.intent.category.LAUNCHER" />
58            </intent-filter>
59        </activity>
60        <!--
61             Don't delete the meta-data below.
62             This is used by the Flutter tool to generate GeneratedPluginRegistrant.java
63        -->
64        <meta-data
64-->[:qrscan] AndroidManifest.xml:25:13-27:37
65            android:name="flutterEmbedding"
65-->[:qrscan] AndroidManifest.xml:26:17-48
66            android:value="2" />
66-->[:qrscan] AndroidManifest.xml:27:17-34
67
68        <service
68-->[:firebase_auth] AndroidManifest.xml:10:9-14:19
69            android:name="com.google.firebase.components.ComponentDiscoveryService"
69-->[:firebase_auth] AndroidManifest.xml:10:18-89
70            android:directBootAware="true"
70-->[com.google.firebase:firebase-common:20.1.2] AndroidManifest.xml:35:13-43
71            android:exported="false" >
71-->[com.google.firebase:firebase-auth:21.0.8] AndroidManifest.xml:66:13-37
72            <meta-data
72-->[:firebase_auth] AndroidManifest.xml:11:13-13:85
73                android:name="com.google.firebase.components:io.flutter.plugins.firebase.auth.FlutterFirebaseAuthRegistrar"
73-->[:firebase_auth] AndroidManifest.xml:12:17-124
74                android:value="com.google.firebase.components.ComponentRegistrar" />
74-->[:firebase_auth] AndroidManifest.xml:13:17-82
75            <meta-data
75-->[:firebase_core] AndroidManifest.xml:11:13-13:85
76                android:name="com.google.firebase.components:io.flutter.plugins.firebase.core.FlutterFirebaseCoreRegistrar"
76-->[:firebase_core] AndroidManifest.xml:12:17-124
77                android:value="com.google.firebase.components.ComponentRegistrar" />
77-->[:firebase_core] AndroidManifest.xml:13:17-82
78            <meta-data
78-->[com.google.firebase:firebase-auth:21.0.8] AndroidManifest.xml:67:13-69:85
79                android:name="com.google.firebase.components:com.google.firebase.auth.FirebaseAuthRegistrar"
79-->[com.google.firebase:firebase-auth:21.0.8] AndroidManifest.xml:68:17-109
80                android:value="com.google.firebase.components.ComponentRegistrar" />
80-->[com.google.firebase:firebase-auth:21.0.8] AndroidManifest.xml:69:17-82
81        </service>
82
83        <activity
83-->[:qrscan] AndroidManifest.xml:22:9-28:20
84            android:name="com.shinow.qrscan.SecondActivity"
84-->[:qrscan] AndroidManifest.xml:23:13-60
85            android:theme="@style/Theme.AppCompat.NoActionBar" >
85-->[:qrscan] AndroidManifest.xml:24:13-63
86            <meta-data
86-->[:qrscan] AndroidManifest.xml:25:13-27:37
87                android:name="flutterEmbedding"
87-->[:qrscan] AndroidManifest.xml:26:17-48
88                android:value="2" />
88-->[:qrscan] AndroidManifest.xml:27:17-34
89        </activity>
90
91        <uses-library
91-->[androidx.window:window:1.0.0-beta04] AndroidManifest.xml:25:9-27:40
92            android:name="androidx.window.extensions"
92-->[androidx.window:window:1.0.0-beta04] AndroidManifest.xml:26:13-54
93            android:required="false" />
93-->[androidx.window:window:1.0.0-beta04] AndroidManifest.xml:27:13-37
94        <uses-library
94-->[androidx.window:window:1.0.0-beta04] AndroidManifest.xml:28:9-30:40
95            android:name="androidx.window.sidecar"
95-->[androidx.window:window:1.0.0-beta04] AndroidManifest.xml:29:13-51
96            android:required="false" />
96-->[androidx.window:window:1.0.0-beta04] AndroidManifest.xml:30:13-37
97
98        <activity
98-->[com.google.firebase:firebase-auth:21.0.8] AndroidManifest.xml:27:9-44:20
99            android:name="com.google.firebase.auth.internal.GenericIdpActivity"
99-->[com.google.firebase:firebase-auth:21.0.8] AndroidManifest.xml:28:13-80
100            android:excludeFromRecents="true"
100-->[com.google.firebase:firebase-auth:21.0.8] AndroidManifest.xml:29:13-46
101            android:exported="true"
101-->[com.google.firebase:firebase-auth:21.0.8] AndroidManifest.xml:30:13-36
102            android:launchMode="singleTask"
102-->[com.google.firebase:firebase-auth:21.0.8] AndroidManifest.xml:31:13-44
103            android:theme="@android:style/Theme.Translucent.NoTitleBar" >
103-->[com.google.firebase:firebase-auth:21.0.8] AndroidManifest.xml:32:13-72
104            <intent-filter>
104-->[com.google.firebase:firebase-auth:21.0.8] AndroidManifest.xml:33:13-43:29
105                <action android:name="android.intent.action.VIEW" />
105-->[com.google.firebase:firebase-auth:21.0.8] AndroidManifest.xml:34:17-69
105-->[com.google.firebase:firebase-auth:21.0.8] AndroidManifest.xml:34:25-66
106
107                <category android:name="android.intent.category.DEFAULT" />
107-->[com.google.firebase:firebase-auth:21.0.8] AndroidManifest.xml:36:17-76
107-->[com.google.firebase:firebase-auth:21.0.8] AndroidManifest.xml:36:27-73
108                <category android:name="android.intent.category.BROWSABLE" />
108-->[com.google.firebase:firebase-auth:21.0.8] AndroidManifest.xml:37:17-78
108-->[com.google.firebase:firebase-auth:21.0.8] AndroidManifest.xml:37:27-75
109
110                <data
110-->[com.google.firebase:firebase-auth:21.0.8] AndroidManifest.xml:39:17-42:51
111                    android:host="firebase.auth"
111-->[com.google.firebase:firebase-auth:21.0.8] AndroidManifest.xml:40:21-49
112                    android:path="/"
112-->[com.google.firebase:firebase-auth:21.0.8] AndroidManifest.xml:41:21-37
113                    android:scheme="genericidp" />
113-->[com.google.firebase:firebase-auth:21.0.8] AndroidManifest.xml:42:21-48
114            </intent-filter>
115        </activity>
116        <activity
116-->[com.google.firebase:firebase-auth:21.0.8] AndroidManifest.xml:45:9-62:20
117            android:name="com.google.firebase.auth.internal.RecaptchaActivity"
117-->[com.google.firebase:firebase-auth:21.0.8] AndroidManifest.xml:46:13-79
118            android:excludeFromRecents="true"
118-->[com.google.firebase:firebase-auth:21.0.8] AndroidManifest.xml:47:13-46
119            android:exported="true"
119-->[com.google.firebase:firebase-auth:21.0.8] AndroidManifest.xml:48:13-36
120            android:launchMode="singleTask"
120-->[com.google.firebase:firebase-auth:21.0.8] AndroidManifest.xml:49:13-44
121            android:theme="@android:style/Theme.Translucent.NoTitleBar" >
121-->[com.google.firebase:firebase-auth:21.0.8] AndroidManifest.xml:50:13-72
122            <intent-filter>
122-->[com.google.firebase:firebase-auth:21.0.8] AndroidManifest.xml:51:13-61:29
123                <action android:name="android.intent.action.VIEW" />
123-->[com.google.firebase:firebase-auth:21.0.8] AndroidManifest.xml:34:17-69
123-->[com.google.firebase:firebase-auth:21.0.8] AndroidManifest.xml:34:25-66
124
125                <category android:name="android.intent.category.DEFAULT" />
125-->[com.google.firebase:firebase-auth:21.0.8] AndroidManifest.xml:36:17-76
125-->[com.google.firebase:firebase-auth:21.0.8] AndroidManifest.xml:36:27-73
126                <category android:name="android.intent.category.BROWSABLE" />
126-->[com.google.firebase:firebase-auth:21.0.8] AndroidManifest.xml:37:17-78
126-->[com.google.firebase:firebase-auth:21.0.8] AndroidManifest.xml:37:27-75
127
128                <data
128-->[com.google.firebase:firebase-auth:21.0.8] AndroidManifest.xml:39:17-42:51
129                    android:host="firebase.auth"
129-->[com.google.firebase:firebase-auth:21.0.8] AndroidManifest.xml:40:21-49
130                    android:path="/"
130-->[com.google.firebase:firebase-auth:21.0.8] AndroidManifest.xml:41:21-37
131                    android:scheme="recaptcha" />
131-->[com.google.firebase:firebase-auth:21.0.8] AndroidManifest.xml:42:21-48
132            </intent-filter>
133        </activity>
134
135        <provider
135-->[com.google.firebase:firebase-common:20.1.2] AndroidManifest.xml:26:9-31:39
136            android:name="com.google.firebase.provider.FirebaseInitProvider"
136-->[com.google.firebase:firebase-common:20.1.2] AndroidManifest.xml:27:13-77
137            android:authorities="io.connectify.galvans.connectify.firebaseinitprovider"
137-->[com.google.firebase:firebase-common:20.1.2] AndroidManifest.xml:28:13-72
138            android:directBootAware="true"
138-->[com.google.firebase:firebase-common:20.1.2] AndroidManifest.xml:29:13-43
139            android:exported="false"
139-->[com.google.firebase:firebase-common:20.1.2] AndroidManifest.xml:30:13-37
140            android:initOrder="100" />
140-->[com.google.firebase:firebase-common:20.1.2] AndroidManifest.xml:31:13-36
141        <provider
141-->[com.squareup.picasso:picasso:2.71828] AndroidManifest.xml:8:9-11:40
142            android:name="com.squareup.picasso.PicassoProvider"
142-->[com.squareup.picasso:picasso:2.71828] AndroidManifest.xml:9:13-64
143            android:authorities="io.connectify.galvans.connectify.com.squareup.picasso"
143-->[com.squareup.picasso:picasso:2.71828] AndroidManifest.xml:10:13-72
144            android:exported="false" />
144-->[com.squareup.picasso:picasso:2.71828] AndroidManifest.xml:11:13-37
145
146        <activity
146-->[pub.devrel:easypermissions:3.0.0] AndroidManifest.xml:12:9-16:66
147            android:name="pub.devrel.easypermissions.AppSettingsDialogHolderActivity"
147-->[pub.devrel:easypermissions:3.0.0] AndroidManifest.xml:13:13-86
148            android:exported="false"
148-->[pub.devrel:easypermissions:3.0.0] AndroidManifest.xml:14:13-37
149            android:label=""
149-->[pub.devrel:easypermissions:3.0.0] AndroidManifest.xml:15:13-29
150            android:theme="@style/EasyPermissions.Transparent" />
150-->[pub.devrel:easypermissions:3.0.0] AndroidManifest.xml:16:13-63
151        <activity
151-->[com.github.leyan95:android-zxingLibrary:0.1.4-PRE] AndroidManifest.xml:14:9-19:63
152            android:name="com.uuzuche.lib_zxing.activity.CaptureActivity"
152-->[com.github.leyan95:android-zxingLibrary:0.1.4-PRE] AndroidManifest.xml:15:13-74
153            android:configChanges="orientation|keyboardHidden"
153-->[com.github.leyan95:android-zxingLibrary:0.1.4-PRE] AndroidManifest.xml:16:13-63
154            android:screenOrientation="portrait"
154-->[com.github.leyan95:android-zxingLibrary:0.1.4-PRE] AndroidManifest.xml:17:13-49
155            android:theme="@style/Theme.AppCompat.NoActionBar"
155-->[com.github.leyan95:android-zxingLibrary:0.1.4-PRE] AndroidManifest.xml:18:13-63
156            android:windowSoftInputMode="stateAlwaysHidden" />
156-->[com.github.leyan95:android-zxingLibrary:0.1.4-PRE] AndroidManifest.xml:19:13-60
157        <activity
157-->[com.google.android.gms:play-services-base:17.1.0] AndroidManifest.xml:23:9-26:75
158            android:name="com.google.android.gms.common.api.GoogleApiActivity"
158-->[com.google.android.gms:play-services-base:17.1.0] AndroidManifest.xml:24:13-79
159            android:exported="false"
159-->[com.google.android.gms:play-services-base:17.1.0] AndroidManifest.xml:25:13-37
160            android:theme="@android:style/Theme.Translucent.NoTitleBar" />
160-->[com.google.android.gms:play-services-base:17.1.0] AndroidManifest.xml:26:13-72
161
162        <meta-data
162-->[com.google.android.gms:play-services-basement:18.1.0] AndroidManifest.xml:21:9-23:69
163            android:name="com.google.android.gms.version"
163-->[com.google.android.gms:play-services-basement:18.1.0] AndroidManifest.xml:22:13-58
164            android:value="@integer/google_play_services_version" />
164-->[com.google.android.gms:play-services-basement:18.1.0] AndroidManifest.xml:23:13-66
165    </application>
166
167</manifest>